<?xml version="1.0" encoding="UTF-8"?>
<!-- Generated by org.testng.reporters.JUnitReportReporter -->
<testsuite hostname="monocepts-MacBook-Pro.local" name="com.weather.videoads.VideoAds" tests="1" failures="0" timestamp="4 Aug 2016 11:45:31 GMT" time="678.935" errors="0">
  <testcase name="testAd" time="678.935" classname="com.weather.videoads.VideoAds"/>
</testsuite> <!-- com.weather.videoads.VideoAds -->
